# JRE version: Java(TM) SE Runtime Environment (8.0_73-b02) (build 1.8.0_73-b02)
# Java VM: Java HotSpot(TM) 64-Bit Server VM (25.73-b02 mixed mode windows-amd64 compressed oops)
Heap:
 PSYoungGen      total 152576K, used 25551K [0x0000000716180000, 0x0000000720b80000, 0x00000007c0000000)
  eden space 131072K, 3% used [0x0000000716180000,0x0000000716574720,0x000000071e180000)
  from space 21504K, 99% used [0x000000071e180000,0x000000071f67f8c0,0x000000071f680000)
  to   space 21504K, 0% used [0x000000071f680000,0x000000071f680000,0x0000000720b80000)
 ParOldGen       total 348160K, used 7656K [0x00000005c2400000, 0x00000005d7800000, 0x0000000716180000)
  object space 348160K, 2% used [0x00000005c2400000,0x00000005c2b7a010,0x00000005d7800000)
 Metaspace       used 19157K, capacity 19530K, committed 19712K, reserved 1067008K
  class space    used 2202K, capacity 2289K, committed 2304K, reserved 1048576K
GC Heap History (6 events):
Event: 78.204 GC heap before
{Heap before GC invocations=1 (full 0):
 PSYoungGen      total 152576K, used 131072K [0x0000000716180000, 0x0000000720b80000, 0x00000007c0000000)
  eden space 131072K, 100% used [0x0000000716180000,0x000000071e180000,0x000000071e180000)
  from space 21504K, 0% used [0x000000071f680000,0x000000071f680000,0x0000000720b80000)
  to   space 21504K, 0% used [0x000000071e180000,0x000000071e180000,0x000000071f680000)
 ParOldGen       total 348160K, used 0K [0x00000005c2400000, 0x00000005d7800000, 0x0000000716180000)
  object space 348160K, 0% used [0x00000005c2400000,0x00000005c2400000,0x00000005d7800000)
 Metaspace       used 18891K, capacity 19176K, committed 19456K, reserved 1067008K
  class space    used 2196K, capacity 2288K, committed 2304K, reserved 1048576K
Event: 78.257 GC heap after
Heap after GC invocations=1 (full 0):
 PSYoungGen      total 152576K, used 17855K [0x0000000716180000, 0x0000000720b80000, 0x00000007c0000000)
  eden space 131072K, 0% used [0x0000000716180000,0x0000000716180000,0x000000071e180000)
  from space 21504K, 83% used [0x000000071e180000,0x000000071f2effe8,0x000000071f680000)
  to   space 21504K, 0% used [0x000000071f680000,0x000000071f680000,0x0000000720b80000)
 ParOldGen       total 348160K, used 96K [0x00000005c2400000, 0x00000005d7800000, 0x0000000716180000)
  object space 348160K, 0% used [0x00000005c2400000,0x00000005c2418010,0x00000005d7800000)
 Metaspace       used 18891K, capacity 19176K, committed 19456K, reserved 1067008K
  class space    used 2196K, capacity 2288K, committed 2304K, reserved 1048576K
}
Event: 465.169 GC heap before
{Heap before GC invocations=2 (full 0):
 PSYoungGen      total 152576K, used 148927K [0x0000000716180000, 0x0000000720b80000, 0x00000007c0000000)
  eden space 131072K, 100% used [0x0000000716180000,0x000000071e180000,0x000000071e180000)
  from space 21504K, 83% used [0x000000071e180000,0x000000071f2effe8,0x000000071f680000)
  to   space 21504K, 0% used [0x000000071f680000,0x000000071f680000,0x0000000720b80000)
 ParOldGen       total 348160K, used 96K [0x00000005c2400000, 0x00000005d7800000, 0x0000000716180000)
  object space 348160K, 0% used [0x00000005c2400000,0x00000005c2418010,0x00000005d7800000)
 Metaspace       used 19094K, capacity 19402K, committed 19712K, reserved 1067008K
  class space    used 2197K, capacity 2289K, committed 2304K, reserved 1048576K
Event: 465.313 GC heap after
Heap after GC invocations=2 (full 0):
 PSYoungGen      total 152576K, used 21493K [0x0000000716180000, 0x0000000720b80000, 0x00000007c0000000)
  eden space 131072K, 0% used [0x0000000716180000,0x0000000716180000,0x000000071e180000)
  from space 21504K, 99% used [0x000000071f680000,0x0000000720b7d548,0x0000000720b80000)
  to   space 21504K, 0% used [0x000000071e180000,0x000000071e180000,0x000000071f680000)
 ParOldGen       total 348160K, used 2800K [0x00000005c2400000, 0x00000005d7800000, 0x0000000716180000)
  object space 348160K, 0% used [0x00000005c2400000,0x00000005c26bc010,0x00000005d7800000)
 Metaspace       used 19094K, capacity 19402K, committed 19712K, reserved 1067008K
  class space    used 2197K, capacity 2289K, committed 2304K, reserved 1048576K
}
Event: 856.355 GC heap before
{Heap before GC invocations=3 (full 0):
 PSYoungGen      total 152576K, used 152565K [0x0000000716180000, 0x0000000720b80000, 0x00000007c0000000)
  eden space 131072K, 100% used [0x0000000716180000,0x000000071e180000,0x000000071e180000)
  from space 21504K, 99% used [0x000000071f680000,0x0000000720b7d548,0x0000000720b80000)
  to   space 21504K, 0% used [0x000000071e180000,0x000000071e180000,0x000000071f680000)
 ParOldGen       total 348160K, used 2800K [0x00000005c2400000, 0x00000005d7800000, 0x0000000716180000)
  object space 348160K, 0% used [0x00000005c2400000,0x00000005c26bc010,0x00000005d7800000)
 Metaspace       used 19114K, capacity 19466K, committed 19712K, reserved 1067008K
  class space    used 2198K, capacity 2289K, committed 2304K, reserved 1048576K
Event: 856.529 GC heap after
Heap after GC invocations=3 (full 0):
 PSYoungGen      total 152576K, used 21502K [0x0000000716180000, 0x0000000720b80000, 0x00000007c0000000)
  eden space 131072K, 0% used [0x0000000716180000,0x0000000716180000,0x000000071e180000)
  from space 21504K, 99% used [0x000000071e180000,0x000000071f67f8c0,0x000000071f680000)
  to   space 21504K, 0% used [0x000000071f680000,0x000000071f680000,0x0000000720b80000)
 ParOldGen       total 348160K, used 7656K [0x00000005c2400000, 0x00000005d7800000, 0x0000000716180000)
  object space 348160K, 2% used [0x00000005c2400000,0x00000005c2b7a010,0x00000005d7800000)
 Metaspace       used 19114K, capacity 19466K, committed 19712K, reserved 1067008K
  class space    used 2198K, capacity 2289K, committed 2304K, reserved 1048576K
}

